<?xml version="1.0" encoding="UTF-8"?>
<!-- Generated by org.testng.reporters.JUnitXMLReporter -->
<testsuite hostname="hxlws-jperrino" ignored="0" tests="4" failures="0" timestamp="25 jul 2018 12:57:29 GMT" time="15.663" errors="0">
  <testcase name="invalid_login_empty_fields" time="1.44" classname="Test2"/>
  <testcase name="invalid_login_empty_username" time="1.643" classname="Test2"/>
  <testcase name="invalid_login_empty_password" time="1.279" classname="Test2"/>
  <testcase name="successful_login" time="1.924" classname="Test2"/>
</testsuite>
