<?xml version="1.0" encoding="UTF-8"?>
<testsuite xmlns:xsi="http://www.w3.org/2001/XMLSchema-instance" xsi:noNamespaceSchemaLocation="https://maven.apache.org/surefire/maven-surefire-plugin/xsd/surefire-test-report.xsd" name="TestSuite" time="45.573" tests="6" errors="0" skipped="0" failures="0">
  <properties>
[...]
</properties>
  <testcase name="test1" classname="Test1" time="4.037"/>
  <testcase name="test1" classname="Test1" time="6.563"/>
  <testcase name="test1" classname="Test1" time="3.144"/>
  <testcase name="test1" classname="Test1" time="3.488"/>
  <testcase name="test1" classname="Test1" time="4.666"/>
  <testcase name="test1" classname="Test1" time="2.82"/>
</testsuite>