<?xml version="1.0" encoding="UTF-8"?>
<testng-results skipped="0" failed="0" ignored="0" total="4" passed="4">
  <reporter-output>
  </reporter-output>
  <suite name="Suite1" duration-ms="15663" started-at="2018-07-25T12:57:14Z" finished-at="2018-07-25T12:57:29Z">
    <groups>
    </groups>
    <test name="test2" duration-ms="15663" started-at="2018-07-25T12:57:14Z" finished-at="2018-07-25T12:57:29Z">
      <class name="Test2">
        <test-method status="PASS" signature="initializeDriver(java.lang.String)[pri:0, instance:Test2@4c70fda8]" name="initializeDriver" is-config="true" duration-ms="19" started-at="2018-07-25T12:57:14Z" finished-at="2018-07-25T12:57:14Z">
          <params>
            <param index="0">
              <value>
                <![CDATA[chrome]]>
              </value>
            </param>
          </params>
          <reporter-output>
          </reporter-output>
        </test-method> <!-- initializeDriver -->
        <test-method status="PASS" signature="goHome()[pri:0, instance:Test2@4c70fda8]" name="goHome" is-config="true" duration-ms="6237" started-at="2018-07-25T12:57:14Z" finished-at="2018-07-25T12:57:20Z">
          <reporter-output>
          </reporter-output>
        </test-method> <!-- goHome -->
        <test-method status="PASS" signature="invalid_login_empty_fields()[pri:1, instance:Test2@4c70fda8]" name="invalid_login_empty_fields" duration-ms="1440" started-at="2018-07-25T12:57:20Z" finished-at="2018-07-25T12:57:21Z">
          <reporter-output>
          </reporter-output>
        </test-method> <!-- invalid_login_empty_fields -->
        <test-method status="PASS" signature="goHome()[pri:0, instance:Test2@4c70fda8]" name="goHome" is-config="true" duration-ms="568" started-at="2018-07-25T12:57:21Z" finished-at="2018-07-25T12:57:22Z">
          <reporter-output>
          </reporter-output>
        </test-method> <!-- goHome -->
        <test-method status="PASS" signature="invalid_login_empty_username()[pri:2, instance:Test2@4c70fda8]" name="invalid_login_empty_username" duration-ms="1643" started-at="2018-07-25T12:57:22Z" finished-at="2018-07-25T12:57:24Z">
          <reporter-output>
          </reporter-output>
        </test-method> <!-- invalid_login_empty_username -->
        <test-method status="PASS" signature="goHome()[pri:0, instance:Test2@4c70fda8]" name="goHome" is-config="true" duration-ms="596" started-at="2018-07-25T12:57:24Z" finished-at="2018-07-25T12:57:24Z">
          <reporter-output>
          </reporter-output>
        </test-method> <!-- goHome -->
        <test-method status="PASS" signature="invalid_login_empty_password()[pri:3, instance:Test2@4c70fda8]" name="invalid_login_empty_password" duration-ms="1279" started-at="2018-07-25T12:57:24Z" finished-at="2018-07-25T12:57:25Z">
          <reporter-output>
          </reporter-output>
        </test-method> <!-- invalid_login_empty_password -->
        <test-method status="PASS" signature="goHome()[pri:0, instance:Test2@4c70fda8]" name="goHome" is-config="true" duration-ms="946" started-at="2018-07-25T12:57:25Z" finished-at="2018-07-25T12:57:26Z">
          <reporter-output>
          </reporter-output>
        </test-method> <!-- goHome -->
        <test-method status="PASS" signature="successful_login()[pri:4, instance:Test2@4c70fda8]" name="successful_login" duration-ms="1924" started-at="2018-07-25T12:57:26Z" finished-at="2018-07-25T12:57:28Z">
          <reporter-output>
          </reporter-output>
        </test-method> <!-- successful_login -->
        <test-method status="PASS" signature="close()[pri:0, instance:Test2@4c70fda8]" name="close" is-config="true" duration-ms="991" started-at="2018-07-25T12:57:28Z" finished-at="2018-07-25T12:57:29Z">
          <reporter-output>
          </reporter-output>
        </test-method> <!-- close -->
      </class> <!-- Test2 -->
    </test> <!-- test2 -->
  </suite> <!-- Suite1 -->
</testng-results>
